INFO:root:
Initiaiting protocol handshake...
INFO:root:Version recieved from Bitcoin network
INFO:root:Verack recieved from Bitcoin network
INFO:root:Handshake Successful
INFO:root:Listening to inventory vectors to get transaction & block details in bitcoin network...

INFO:root:---------------------------------------------------------------------------------------------------------

INFO:root:Inventory Details: 

INFO:root:Count: 23
INFO:root:Inventory Vector 1:
INFO:root:  Type: 1
INFO:root:  Hash: 349e36950dc13d0dc41ca88f9d5a1a5c5e93c392673c639afe50affa2bc55b5c
INFO:root:Inventory Vector 2:
INFO:root:  Type: 1
INFO:root:  Hash: 0651f406d83eb110ac135b93761e6d7d87e5d4253371dbf8741dc7738bf50506
INFO:root:Inventory Vector 3:
INFO:root:  Type: 1
INFO:root:  Hash: 5ed58f6d21c06eeaafc0a86edf9d0d245728524e3355ec0a9e40973001b1ec7a
INFO:root:Inventory Vector 4:
INFO:root:  Type: 1
INFO:root:  Hash: 7728f5a6f520e3861c42c164227e0018d97171e3377d324c57c7f66f17e881d8
INFO:root:Inventory Vector 5:
INFO:root:  Type: 1
INFO:root:  Hash: 9c09ca2117bd7b71ebb5cf28535099d1a66923f4c395d384ec677783e00193ef
INFO:root:Inventory Vector 6:
INFO:root:  Type: 1
INFO:root:  Hash: 57e5ec01b5e1a0a52bef0ed5be1ad5ae11c51750a62884109e73a21c191553c9
INFO:root:Inventory Vector 7:
INFO:root:  Type: 1
INFO:root:  Hash: 0ca4943b5f6b2c08b69fa3f05a8c236d3b9e024aa84d0005541660d815944e5e
INFO:root:Inventory Vector 8:
INFO:root:  Type: 1
INFO:root:  Hash: 53f0696fdbb69e68edf8e016cb83ea894cf1dea504c70158cdac78ded9189126
INFO:root:Inventory Vector 9:
INFO:root:  Type: 1
INFO:root:  Hash: ba7ac9277a323235b0d57d988f8a8bf3d62757dc3831a45107bcadf120ca4d0d
INFO:root:Inventory Vector 10:
INFO:root:  Type: 1
INFO:root:  Hash: c6e2e1e53c758bdb3dfb3212ac60204b671c36ae6dc8f1bb4c67cf95c29e53d9
INFO:root:Inventory Vector 11:
INFO:root:  Type: 1
INFO:root:  Hash: e027b2d536f17d2ed721ddd2dd5c9de610108c17c2446374a33c814dae2f8bd5
INFO:root:Inventory Vector 12:
INFO:root:  Type: 1
INFO:root:  Hash: abced65b8f5fd8bc265c545d963049ce0f5c8e395b7317891dc953371b604d6a
INFO:root:Inventory Vector 13:
INFO:root:  Type: 1
INFO:root:  Hash: 77a861db43ff36be74098c29d6cc1740ad4edb2e708bfef40ae013a8d5415e76
INFO:root:Inventory Vector 14:
INFO:root:  Type: 1
INFO:root:  Hash: d373a0824e22f6b587c86724911590befbff1cb236e833693efaccda22491e56
INFO:root:Inventory Vector 15:
INFO:root:  Type: 1
INFO:root:  Hash: 72d5964297647d83da420b7f44b1e91005cc681c2326d41de52692dae5bb6e28
INFO:root:Inventory Vector 16:
INFO:root:  Type: 1
INFO:root:  Hash: 70db763e6b8f5ef5aaae800d980eac2de3e7eb4e3221c95313d72098eef8c9d1
INFO:root:Inventory Vector 17:
INFO:root:  Type: 1
INFO:root:  Hash: 859d4eefae95f45e6e56dc363c73f1794941e340bc1721a295db64b5ae23200d
INFO:root:Inventory Vector 18:
INFO:root:  Type: 1
INFO:root:  Hash: b4b3d81a15bfa69434826e322a399056cd1ac7c55becc42e348067d10df3b74d
INFO:root:Inventory Vector 19:
INFO:root:  Type: 1
INFO:root:  Hash: c5b81c23c6f7d9173c7e1a1b25ca4cfad4e4c9c2a4be67f78b08356be7f7189e
INFO:root:Inventory Vector 20:
INFO:root:  Type: 1
INFO:root:  Hash: 43ec042c3285b8a673f6259cd836dec025ed587ea4751ec187463d17fe5d292e
INFO:root:Inventory Vector 21:
INFO:root:  Type: 1
INFO:root:  Hash: d2e35eeb6f4535b50915c087e239081409de3081b75f85ae1e8033db2a0bcb1c
INFO:root:Inventory Vector 22:
INFO:root:  Type: 1
INFO:root:  Hash: 1c9f5573330ccb055195bb5f3a2eb08e9905fc45cd64a4e6d67c9c721bc01807
INFO:root:Inventory Vector 23:
INFO:root:  Type: 1
INFO:root:  Hash: 19e2b5e527c9679482d21f33d61ee405098ec32f32b0892d8640e7aec51a1e33
INFO:root:
Initiaiting protocol handshake...
INFO:root:Version recieved from Bitcoin network
INFO:root:Verack recieved from Bitcoin network
INFO:root:Handshake Successful
INFO:root:Listening to inventory vectors to get transaction & block details in bitcoin network...

INFO:root:---------------------------------------------------------------------------------------------------------

INFO:root:Inventory Details: 

INFO:root:Count: 9
INFO:root:Inventory Vector 1:
INFO:root:  Type: 1
INFO:root:  Hash: a317b43db525b9023a048aef10928855e5e7dbb444c198e7212632db933801b6
INFO:root:Inventory Vector 2:
INFO:root:  Type: 1
INFO:root:  Hash: 131dee6a8a6c4b73e00f693083429ff82f9b1eeea38c2d2c78e187644276025b
INFO:root:Inventory Vector 3:
INFO:root:  Type: 1
INFO:root:  Hash: ebf4e870234e4ab1fa361fe7363d8609638e42654e8e31323cb586f8351aa17d
INFO:root:Inventory Vector 4:
INFO:root:  Type: 1
INFO:root:  Hash: e1e6dfa42041173f0182720de64c9c641fc62f12cb71cc10283e2bb6095d4be7
INFO:root:Inventory Vector 5:
INFO:root:  Type: 1
INFO:root:  Hash: 96050d3a55d23194a3f796b571b776f06bc34e6df4c08f3849afd309d261397f
INFO:root:Inventory Vector 6:
INFO:root:  Type: 1
INFO:root:  Hash: d9aef5eb471be6de7b0bf671d0e7a0978fd91f7d4ab316b936c1ef5d1af8197d
INFO:root:Inventory Vector 7:
INFO:root:  Type: 1
INFO:root:  Hash: 936826eae0267b7597a0aae3fafbfb7745b69f52d9488db3c86da22eef789bda
INFO:root:Inventory Vector 8:
INFO:root:  Type: 1
INFO:root:  Hash: 00dad2584b5701f5a48210d18f15269c0f055b0d192d4e43f2f1b045322e1dfa
INFO:root:Inventory Vector 9:
INFO:root:  Type: 1
INFO:root:  Hash: a83d551581aea31b40b4ee07b8001666f29696fe7a8649aaadaf97d2e6ea3f08
